\BOOKMARK [1][-]{section.1}{Introduction}{}% 1
\BOOKMARK [2][-]{subsection.1.1}{Document Purpose}{section.1}% 2
\BOOKMARK [2][-]{subsection.1.2}{Product Scope}{section.1}% 3
\BOOKMARK [3][-]{subsubsection.1.2.1}{Actual system}{subsection.1.2}% 4
\BOOKMARK [3][-]{subsubsection.1.2.2}{Scope}{subsection.1.2}% 5
\BOOKMARK [2][-]{subsection.1.3}{Definitions, acronyms, and abbreviations}{section.1}% 6
\BOOKMARK [3][-]{subsubsection.1.3.1}{Definitions}{subsection.1.3}% 7
\BOOKMARK [3][-]{subsubsection.1.3.2}{Acronyms}{subsection.1.3}% 8
\BOOKMARK [3][-]{subsubsection.1.3.3}{Abbreviations}{subsection.1.3}% 9
\BOOKMARK [2][-]{subsection.1.4}{Identifying Stakeholders}{section.1}% 10
\BOOKMARK [2][-]{subsection.1.5}{Identifying Actors}{section.1}% 11
\BOOKMARK [2][-]{subsection.1.6}{Goals}{section.1}% 12
\BOOKMARK [2][-]{subsection.1.7}{Proposed system}{section.1}% 13
\BOOKMARK [2][-]{subsection.1.8}{Reference Documents}{section.1}% 14
\BOOKMARK [2][-]{subsection.1.9}{Overview}{section.1}% 15
\BOOKMARK [1][-]{section.2}{Overall description}{}% 16
\BOOKMARK [2][-]{subsection.2.1}{Product perspective}{section.2}% 17
\BOOKMARK [2][-]{subsection.2.2}{Product functions}{section.2}% 18
\BOOKMARK [2][-]{subsection.2.3}{Constraints}{section.2}% 19
\BOOKMARK [3][-]{subsubsection.2.3.1}{Regulatory Policies \046 Safety and security}{subsection.2.3}% 20
\BOOKMARK [3][-]{subsubsection.2.3.2}{Hardware limitations}{subsection.2.3}% 21
\BOOKMARK [3][-]{subsubsection.2.3.3}{Reliability requirements}{subsection.2.3}% 22
\BOOKMARK [3][-]{subsubsection.2.3.4}{Criticality of the application}{subsection.2.3}% 23
\BOOKMARK [3][-]{subsubsection.2.3.5}{Interfaces to other applications}{subsection.2.3}% 24
\BOOKMARK [3][-]{subsubsection.2.3.6}{Parallel operation}{subsection.2.3}% 25
\BOOKMARK [2][-]{subsection.2.4}{Assumptions}{section.2}% 26
\BOOKMARK [1][-]{section.3}{Specific requirements}{}% 27
\BOOKMARK [2][-]{subsection.3.1}{External Interface Requirements}{section.3}% 28
\BOOKMARK [3][-]{subsubsection.3.1.1}{User Interfaces}{subsection.3.1}% 29
\BOOKMARK [4][-]{paragraph.3.1.1.1}{Registration}{subsubsection.3.1.1}% 30
\BOOKMARK [4][-]{paragraph.3.1.1.2}{Login}{subsubsection.3.1.1}% 31
\BOOKMARK [4][-]{paragraph.3.1.1.3}{Private Area}{subsubsection.3.1.1}% 32
\BOOKMARK [4][-]{paragraph.3.1.1.4}{Private Employees Area}{subsubsection.3.1.1}% 33
\BOOKMARK [4][-]{paragraph.3.1.1.5}{Car Reservation Page}{subsubsection.3.1.1}% 34
\BOOKMARK [4][-]{paragraph.3.1.1.6}{Reservation Management Page}{subsubsection.3.1.1}% 35
\BOOKMARK [4][-]{paragraph.3.1.1.7}{Get Cars to Recharge Page}{subsubsection.3.1.1}% 36
\BOOKMARK [4][-]{paragraph.3.1.1.8}{Edit Profile}{subsubsection.3.1.1}% 37
\BOOKMARK [3][-]{subsubsection.3.1.2}{Hardware Interfaces}{subsection.3.1}% 38
\BOOKMARK [3][-]{subsubsection.3.1.3}{Communication Interfaces}{subsection.3.1}% 39
\BOOKMARK [2][-]{subsection.3.2}{Functional Requirements}{section.3}% 40
\BOOKMARK [3][-]{subsubsection.3.2.1}{[G1] The System has to encourage the user to have a good behaviour using discounts.}{subsection.3.2}% 41
\BOOKMARK [3][-]{subsubsection.3.2.2}{[G2] The System has to discourage the user to have a bad behaviour using fees.}{subsection.3.2}% 42
\BOOKMARK [3][-]{subsubsection.3.2.3}{[G3] The System has to ensure a good distribution of cars in the territory.}{subsection.3.2}% 43
\BOOKMARK [3][-]{subsubsection.3.2.4}{[G4] The System has to provide the ability to share a ride.}{subsection.3.2}% 44
\BOOKMARK [3][-]{subsubsection.3.2.5}{[G5] The Visitor shall be able to sign-up via app.}{subsection.3.2}% 45
\BOOKMARK [3][-]{subsubsection.3.2.6}{[G6] The Registered User shall be able to log into the service.}{subsection.3.2}% 46
\BOOKMARK [3][-]{subsubsection.3.2.7}{[G7] The Registered User shall be able to reserve a car up to one hour before via app.}{subsection.3.2}% 47
\BOOKMARK [3][-]{subsubsection.3.2.8}{[G8] The Registered User shall be able to remove a reservation before the reservation time runs out.}{subsection.3.2}% 48
\BOOKMARK [3][-]{subsubsection.3.2.9}{[G9] The Registered User shall be able to find the locations of available cars within a certain distance from him.}{subsection.3.2}% 49
\BOOKMARK [3][-]{subsubsection.3.2.10}{[G10] The Registered User shall be able to find the locations of available cars from a specified address.}{subsection.3.2}% 50
\BOOKMARK [3][-]{subsubsection.3.2.11}{[G11] The Registered User shall open/close a reserved car via app when he/she is close to it.}{subsection.3.2}% 51
\BOOKMARK [3][-]{subsubsection.3.2.12}{[G12] The Passenger shall be able to use a car in shared mode.}{subsection.3.2}% 52
\BOOKMARK [3][-]{subsubsection.3.2.13}{[G13] The Handyman Operator shall know the location of the car that has to be charged.}{subsection.3.2}% 53
\BOOKMARK [3][-]{subsubsection.3.2.14}{[G14] The Handyman Operator shall report any problem with a car.}{subsection.3.2}% 54
\BOOKMARK [2][-]{subsection.3.3}{Scenarios}{section.3}% 55
\BOOKMARK [3][-]{subsubsection.3.3.1}{Scenario 1}{subsection.3.3}% 56
\BOOKMARK [3][-]{subsubsection.3.3.2}{Scenario 2}{subsection.3.3}% 57
\BOOKMARK [3][-]{subsubsection.3.3.3}{Scenario 3}{subsection.3.3}% 58
\BOOKMARK [3][-]{subsubsection.3.3.4}{Scenario 4}{subsection.3.3}% 59
\BOOKMARK [3][-]{subsubsection.3.3.5}{Scenario 5}{subsection.3.3}% 60
\BOOKMARK [3][-]{subsubsection.3.3.6}{Scenario 6}{subsection.3.3}% 61
\BOOKMARK [2][-]{subsection.3.4}{UML Models}{section.3}% 62
\BOOKMARK [3][-]{subsubsection.3.4.1}{Use Case}{subsection.3.4}% 63
\BOOKMARK [4][-]{paragraph.3.4.1.1}{Visitor registers to PowerEnJoy }{subsubsection.3.4.1}% 64
\BOOKMARK [4][-]{paragraph.3.4.1.2}{Visitor login to PowerEnJoy }{subsubsection.3.4.1}% 65
\BOOKMARK [4][-]{paragraph.3.4.1.3}{Registered User reserve a car using PowerEnJoy }{subsubsection.3.4.1}% 66
\BOOKMARK [4][-]{paragraph.3.4.1.4}{Registered User delete a reservation using PowerEnJoy }{subsubsection.3.4.1}% 67
\BOOKMARK [4][-]{paragraph.3.4.1.5}{Registered User search available cars using PowerEnJoy }{subsubsection.3.4.1}% 68
\BOOKMARK [4][-]{paragraph.3.4.1.6}{Registered User manage a reserved car using PowerEnJoy }{subsubsection.3.4.1}% 69
\BOOKMARK [4][-]{paragraph.3.4.1.7}{Passenger reserves a number of seats of a shared ride using PowerEnJoy }{subsubsection.3.4.1}% 70
\BOOKMARK [4][-]{paragraph.3.4.1.8}{Passenger delete a reservation of a shared ride using PowerEnJoy }{subsubsection.3.4.1}% 71
\BOOKMARK [4][-]{paragraph.3.4.1.9}{Handyman operator gets which and where are cars that have to be attach to the charging system using PowerEnJoy }{subsubsection.3.4.1}% 72
\BOOKMARK [4][-]{paragraph.3.4.1.10}{Handyman operator sends a report using PowerEnJoy }{subsubsection.3.4.1}% 73
\BOOKMARK [3][-]{subsubsection.3.4.2}{Class Diagram}{subsection.3.4}% 74
\BOOKMARK [3][-]{subsubsection.3.4.3}{State Machine Diagrams}{subsection.3.4}% 75
\BOOKMARK [4][-]{paragraph.3.4.3.1}{Evolution of a Car Reservation}{subsubsection.3.4.3}% 76
\BOOKMARK [4][-]{paragraph.3.4.3.2}{Car Avaliability}{subsubsection.3.4.3}% 77
\BOOKMARK [2][-]{subsection.3.5}{Non Functional Requirements}{section.3}% 78
\BOOKMARK [3][-]{subsubsection.3.5.1}{Performance Requirements}{subsection.3.5}% 79
\BOOKMARK [3][-]{subsubsection.3.5.2}{Availability \046 Reliability}{subsection.3.5}% 80
\BOOKMARK [3][-]{subsubsection.3.5.3}{Security}{subsection.3.5}% 81
\BOOKMARK [3][-]{subsubsection.3.5.4}{Maintainability}{subsection.3.5}% 82
\BOOKMARK [2][-]{subsection.3.6}{Alloy}{section.3}% 83
\BOOKMARK [1][-]{section.4}{Appendix}{}% 84
\BOOKMARK [2][-]{subsection.4.1}{Software and tools used}{section.4}% 85
\BOOKMARK [2][-]{subsection.4.2}{Hours of work}{section.4}% 86
