\BOOKMARK [1][-]{section.1}{Classes Assigned}{}% 1
\BOOKMARK [1][-]{section.2}{Functional role of assigned set of classes}{}% 2
\BOOKMARK [1][-]{section.3}{List of issues found by applying the checklist}{}% 3
\BOOKMARK [2][-]{subsection.3.1}{Naming Conventions}{section.3}% 4
\BOOKMARK [2][-]{subsection.3.2}{Indention}{section.3}% 5
\BOOKMARK [2][-]{subsection.3.3}{Braces}{section.3}% 6
\BOOKMARK [2][-]{subsection.3.4}{File Organization}{section.3}% 7
\BOOKMARK [2][-]{subsection.3.5}{Wrapping Lines}{section.3}% 8
\BOOKMARK [2][-]{subsection.3.6}{Comments}{section.3}% 9
\BOOKMARK [2][-]{subsection.3.7}{Java Source Files}{section.3}% 10
\BOOKMARK [2][-]{subsection.3.8}{Package and Import Statements}{section.3}% 11
\BOOKMARK [2][-]{subsection.3.9}{Class and Interface Declarations}{section.3}% 12
\BOOKMARK [2][-]{subsection.3.10}{Initialization and Declarations}{section.3}% 13
\BOOKMARK [2][-]{subsection.3.11}{Method Calls}{section.3}% 14
\BOOKMARK [2][-]{subsection.3.12}{Arrays}{section.3}% 15
\BOOKMARK [2][-]{subsection.3.13}{Object Comparison}{section.3}% 16
\BOOKMARK [2][-]{subsection.3.14}{Output Format}{section.3}% 17
\BOOKMARK [2][-]{subsection.3.15}{Computation, Comparisons and Assignments}{section.3}% 18
\BOOKMARK [2][-]{subsection.3.16}{Exceptions}{section.3}% 19
\BOOKMARK [2][-]{subsection.3.17}{Flow of Control}{section.3}% 20
\BOOKMARK [2][-]{subsection.3.18}{Files}{section.3}% 21
\BOOKMARK [1][-]{section.4}{Other Issues}{}% 22
\BOOKMARK [1][-]{section.5}{Effort Spent}{}% 23
\BOOKMARK [2][-]{subsection.5.1}{Hours of work}{section.5}% 24
\BOOKMARK [1][-]{section.6}{References}{}% 25
