\BOOKMARK [1][-]{section.1}{Introduction}{}% 1
\BOOKMARK [2][-]{subsection.1.1}{Purpose and Scope}{section.1}% 2
\BOOKMARK [2][-]{subsection.1.2}{List of Definitions and Abbreviations}{section.1}% 3
\BOOKMARK [2][-]{subsection.1.3}{Overview}{section.1}% 4
\BOOKMARK [1][-]{section.2}{Function Point analysis}{}% 5
\BOOKMARK [2][-]{subsection.2.1}{Introduction}{section.2}% 6
\BOOKMARK [2][-]{subsection.2.2}{Estimation}{section.2}% 7
\BOOKMARK [1][-]{section.3}{COCOMO II analysis}{}% 8
\BOOKMARK [2][-]{subsection.3.1}{Introduction}{section.3}% 9
\BOOKMARK [2][-]{subsection.3.2}{Estimation}{section.3}% 10
\BOOKMARK [3][-]{subsubsection.3.2.1}{Scale Factors choice}{subsection.3.2}% 11
\BOOKMARK [3][-]{subsubsection.3.2.2}{Cost Drivers choice}{subsection.3.2}% 12
\BOOKMARK [3][-]{subsubsection.3.2.3}{Effort and Duration calculation}{subsection.3.2}% 13
\BOOKMARK [2][-]{subsection.3.3}{Online Tool}{section.3}% 14
\BOOKMARK [1][-]{section.4}{Tasks identification}{}% 15
\BOOKMARK [1][-]{section.5}{Task scheduling}{}% 16
\BOOKMARK [2][-]{subsection.5.1}{Start and Deadlines}{section.5}% 17
\BOOKMARK [3][-]{subsubsection.5.1.1}{Main Tasks}{subsection.5.1}% 18
\BOOKMARK [3][-]{subsubsection.5.1.2}{Implementation Milestone Details}{subsection.5.1}% 19
\BOOKMARK [2][-]{subsection.5.2}{Gantt diagrams}{section.5}% 20
\BOOKMARK [1][-]{section.6}{Resources allocation}{}% 21
\BOOKMARK [1][-]{section.7}{Risks associated with the project}{}% 22
\BOOKMARK [2][-]{subsection.7.1}{Risks}{section.7}% 23
\BOOKMARK [2][-]{subsection.7.2}{Solutions}{section.7}% 24
\BOOKMARK [1][-]{section.8}{Effort Spent}{}% 25
\BOOKMARK [2][-]{subsection.8.1}{Hours of work}{section.8}% 26
\BOOKMARK [1][-]{section.9}{References}{}% 27
